21-May-2023 16:29:39.716 信息 [main] org.apache.catalina.startup.VersionLoggerListener.log Server version:        Apache Tomcat/8.0.50
21-May-2023 16:29:39.745 信息 [main] org.apache.catalina.startup.VersionLoggerListener.log Server built:          Feb 7 2018 20:06:05 UTC
21-May-2023 16:29:39.746 信息 [main] org.apache.catalina.startup.VersionLoggerListener.log Server number:         8.0.50.0
21-May-2023 16:29:39.746 信息 [main] org.apache.catalina.startup.VersionLoggerListener.log OS Name:               Windows 10
21-May-2023 16:29:39.746 信息 [main] org.apache.catalina.startup.VersionLoggerListener.log OS Version:            10.0
21-May-2023 16:29:39.746 信息 [main] org.apache.catalina.startup.VersionLoggerListener.log Architecture:          amd64
21-May-2023 16:29:39.746 信息 [main] org.apache.catalina.startup.VersionLoggerListener.log Java Home:             C:\jdk\jdk1.8\jre
21-May-2023 16:29:39.747 信息 [main] org.apache.catalina.startup.VersionLoggerListener.log JVM Version:           1.8.0_201-b09
21-May-2023 16:29:39.747 信息 [main] org.apache.catalina.startup.VersionLoggerListener.log JVM Vendor:            Oracle Corporation
21-May-2023 16:29:39.747 信息 [main] org.apache.catalina.startup.VersionLoggerListener.log CATALINA_BASE:         D:\Java_developer_tools\javaweb\apache-tomcat-8.0.50-windows-x64\apache-tomcat-8.0.50
21-May-2023 16:29:39.747 信息 [main] org.apache.catalina.startup.VersionLoggerListener.log CATALINA_HOME:         D:\Java_developer_tools\javaweb\apache-tomcat-8.0.50-windows-x64\apache-tomcat-8.0.50
21-May-2023 16:29:39.747 信息 [main] org.apache.catalina.startup.VersionLoggerListener.log Command line argument: -Djava.util.logging.config.file=D:\Java_developer_tools\javaweb\apache-tomcat-8.0.50-windows-x64\apache-tomcat-8.0.50\conf\logging.properties
21-May-2023 16:29:39.748 信息 [main] org.apache.catalina.startup.VersionLoggerListener.log Command line argument: -Djava.util.logging.manager=org.apache.juli.ClassLoaderLogManager
21-May-2023 16:29:39.748 信息 [main] org.apache.catalina.startup.VersionLoggerListener.log Command line argument: -Djdk.tls.ephemeralDHKeySize=2048
21-May-2023 16:29:39.748 信息 [main] org.apache.catalina.startup.VersionLoggerListener.log Command line argument: -Djava.protocol.handler.pkgs=org.apache.catalina.webresources
21-May-2023 16:29:39.748 信息 [main] org.apache.catalina.startup.VersionLoggerListener.log Command line argument: -Dignore.endorsed.dirs=
21-May-2023 16:29:39.748 信息 [main] org.apache.catalina.startup.VersionLoggerListener.log Command line argument: -Dcatalina.base=D:\Java_developer_tools\javaweb\apache-tomcat-8.0.50-windows-x64\apache-tomcat-8.0.50
21-May-2023 16:29:39.749 信息 [main] org.apache.catalina.startup.VersionLoggerListener.log Command line argument: -Dcatalina.home=D:\Java_developer_tools\javaweb\apache-tomcat-8.0.50-windows-x64\apache-tomcat-8.0.50
21-May-2023 16:29:39.749 信息 [main] org.apache.catalina.startup.VersionLoggerListener.log Command line argument: -Djava.io.tmpdir=D:\Java_developer_tools\javaweb\apache-tomcat-8.0.50-windows-x64\apache-tomcat-8.0.50\temp
21-May-2023 16:29:39.753 信息 [main] org.apache.catalina.core.AprLifecycleListener.lifecycleEvent Loaded APR based Apache Tomcat Native library 1.2.16 using APR version 1.6.3.
21-May-2023 16:29:39.753 信息 [main] org.apache.catalina.core.AprLifecycleListener.lifecycleEvent APR capabilities: IPv6 [true], sendfile [true], accept filters [false], random [true].
21-May-2023 16:29:40.381 信息 [main] org.apache.catalina.core.AprLifecycleListener.initializeSSL OpenSSL successfully initialized (OpenSSL 1.0.2m  2 Nov 2017)
21-May-2023 16:29:41.208 信息 [main] org.apache.coyote.AbstractProtocol.init Initializing ProtocolHandler ["http-apr-8080"]
21-May-2023 16:29:41.216 信息 [main] org.apache.coyote.AbstractProtocol.init Initializing ProtocolHandler ["ajp-apr-8009"]
21-May-2023 16:29:41.219 信息 [main] org.apache.catalina.startup.Catalina.load Initialization processed in 2004 ms
21-May-2023 16:29:41.264 信息 [main] org.apache.catalina.core.StandardService.startInternal Starting service Catalina
21-May-2023 16:29:41.264 信息 [main] org.apache.catalina.core.StandardEngine.startInternal Starting Servlet Engine: Apache Tomcat/8.0.50
21-May-2023 16:29:41.280 信息 [localhost-startStop-1] org.apache.catalina.startup.HostConfig.deployDirectory Deploying web application directory D:\Java_developer_tools\javaweb\apache-tomcat-8.0.50-windows-x64\apache-tomcat-8.0.50\webapps\docs
21-May-2023 16:29:42.284 警告 [localhost-startStop-1] org.apache.catalina.util.SessionIdGeneratorBase.createSecureRandom Creation of SecureRandom instance for session ID generation using [SHA1PRNG] took [618] milliseconds.
21-May-2023 16:29:42.308 信息 [localhost-startStop-1] org.apache.catalina.startup.HostConfig.deployDirectory Deployment of web application directory D:\Java_developer_tools\javaweb\apache-tomcat-8.0.50-windows-x64\apache-tomcat-8.0.50\webapps\docs has finished in 1,028 ms
21-May-2023 16:29:42.308 信息 [localhost-startStop-1] org.apache.catalina.startup.HostConfig.deployDirectory Deploying web application directory D:\Java_developer_tools\javaweb\apache-tomcat-8.0.50-windows-x64\apache-tomcat-8.0.50\webapps\examples
21-May-2023 16:29:42.816 信息 [localhost-startStop-1] org.apache.catalina.startup.HostConfig.deployDirectory Deployment of web application directory D:\Java_developer_tools\javaweb\apache-tomcat-8.0.50-windows-x64\apache-tomcat-8.0.50\webapps\examples has finished in 508 ms
21-May-2023 16:29:42.816 信息 [localhost-startStop-1] org.apache.catalina.startup.HostConfig.deployDirectory Deploying web application directory D:\Java_developer_tools\javaweb\apache-tomcat-8.0.50-windows-x64\apache-tomcat-8.0.50\webapps\host-manager
21-May-2023 16:29:42.857 信息 [localhost-startStop-1] org.apache.catalina.startup.HostConfig.deployDirectory Deployment of web application directory D:\Java_developer_tools\javaweb\apache-tomcat-8.0.50-windows-x64\apache-tomcat-8.0.50\webapps\host-manager has finished in 41 ms
21-May-2023 16:29:42.858 信息 [localhost-startStop-1] org.apache.catalina.startup.HostConfig.deployDirectory Deploying web application directory D:\Java_developer_tools\javaweb\apache-tomcat-8.0.50-windows-x64\apache-tomcat-8.0.50\webapps\manager
21-May-2023 16:29:42.901 信息 [localhost-startStop-1] org.apache.catalina.startup.HostConfig.deployDirectory Deployment of web application directory D:\Java_developer_tools\javaweb\apache-tomcat-8.0.50-windows-x64\apache-tomcat-8.0.50\webapps\manager has finished in 42 ms
21-May-2023 16:29:42.901 信息 [localhost-startStop-1] org.apache.catalina.startup.HostConfig.deployDirectory Deploying web application directory D:\Java_developer_tools\javaweb\apache-tomcat-8.0.50-windows-x64\apache-tomcat-8.0.50\webapps\ROOT
21-May-2023 16:29:42.933 信息 [localhost-startStop-1] org.apache.catalina.startup.HostConfig.deployDirectory Deployment of web application directory D:\Java_developer_tools\javaweb\apache-tomcat-8.0.50-windows-x64\apache-tomcat-8.0.50\webapps\ROOT has finished in 32 ms
21-May-2023 16:29:42.936 信息 [main] org.apache.coyote.AbstractProtocol.start Starting ProtocolHandler ["http-apr-8080"]
21-May-2023 16:29:42.950 信息 [main] org.apache.coyote.AbstractProtocol.start Starting ProtocolHandler ["ajp-apr-8009"]
21-May-2023 16:29:42.957 信息 [main] org.apache.catalina.startup.Catalina.start Server startup in 1736 ms
21-May-2023 19:46:01.112 信息 [main] org.apache.catalina.startup.VersionLoggerListener.log Server version:        Apache Tomcat/8.0.50
21-May-2023 19:46:01.115 信息 [main] org.apache.catalina.startup.VersionLoggerListener.log Server built:          Feb 7 2018 20:06:05 UTC
21-May-2023 19:46:01.116 信息 [main] org.apache.catalina.startup.VersionLoggerListener.log Server number:         8.0.50.0
21-May-2023 19:46:01.116 信息 [main] org.apache.catalina.startup.VersionLoggerListener.log OS Name:               Windows 10
21-May-2023 19:46:01.116 信息 [main] org.apache.catalina.startup.VersionLoggerListener.log OS Version:            10.0
21-May-2023 19:46:01.116 信息 [main] org.apache.catalina.startup.VersionLoggerListener.log Architecture:          amd64
21-May-2023 19:46:01.116 信息 [main] org.apache.catalina.startup.VersionLoggerListener.log Java Home:             C:\jdk\jdk1.8\jre
21-May-2023 19:46:01.116 信息 [main] org.apache.catalina.startup.VersionLoggerListener.log JVM Version:           1.8.0_201-b09
21-May-2023 19:46:01.117 信息 [main] org.apache.catalina.startup.VersionLoggerListener.log JVM Vendor:            Oracle Corporation
21-May-2023 19:46:01.117 信息 [main] org.apache.catalina.startup.VersionLoggerListener.log CATALINA_BASE:         D:\Java_developer_tools\javaweb\apache-tomcat-8.0.50-windows-x64\apache-tomcat-8.0.50
21-May-2023 19:46:01.117 信息 [main] org.apache.catalina.startup.VersionLoggerListener.log CATALINA_HOME:         D:\Java_developer_tools\javaweb\apache-tomcat-8.0.50-windows-x64\apache-tomcat-8.0.50
21-May-2023 19:46:01.117 信息 [main] org.apache.catalina.startup.VersionLoggerListener.log Command line argument: -Djava.util.logging.config.file=D:\Java_developer_tools\javaweb\apache-tomcat-8.0.50-windows-x64\apache-tomcat-8.0.50\conf\logging.properties
21-May-2023 19:46:01.117 信息 [main] org.apache.catalina.startup.VersionLoggerListener.log Command line argument: -Djava.util.logging.manager=org.apache.juli.ClassLoaderLogManager
21-May-2023 19:46:01.117 信息 [main] org.apache.catalina.startup.VersionLoggerListener.log Command line argument: -Djdk.tls.ephemeralDHKeySize=2048
21-May-2023 19:46:01.118 信息 [main] org.apache.catalina.startup.VersionLoggerListener.log Command line argument: -Djava.protocol.handler.pkgs=org.apache.catalina.webresources
21-May-2023 19:46:01.118 信息 [main] org.apache.catalina.startup.VersionLoggerListener.log Command line argument: -Dignore.endorsed.dirs=
21-May-2023 19:46:01.118 信息 [main] org.apache.catalina.startup.VersionLoggerListener.log Command line argument: -Dcatalina.base=D:\Java_developer_tools\javaweb\apache-tomcat-8.0.50-windows-x64\apache-tomcat-8.0.50
21-May-2023 19:46:01.119 信息 [main] org.apache.catalina.startup.VersionLoggerListener.log Command line argument: -Dcatalina.home=D:\Java_developer_tools\javaweb\apache-tomcat-8.0.50-windows-x64\apache-tomcat-8.0.50
21-May-2023 19:46:01.119 信息 [main] org.apache.catalina.startup.VersionLoggerListener.log Command line argument: -Djava.io.tmpdir=D:\Java_developer_tools\javaweb\apache-tomcat-8.0.50-windows-x64\apache-tomcat-8.0.50\temp
21-May-2023 19:46:01.123 信息 [main] org.apache.catalina.core.AprLifecycleListener.lifecycleEvent Loaded APR based Apache Tomcat Native library 1.2.16 using APR version 1.6.3.
21-May-2023 19:46:01.123 信息 [main] org.apache.catalina.core.AprLifecycleListener.lifecycleEvent APR capabilities: IPv6 [true], sendfile [true], accept filters [false], random [true].
21-May-2023 19:46:01.723 信息 [main] org.apache.catalina.core.AprLifecycleListener.initializeSSL OpenSSL successfully initialized (OpenSSL 1.0.2m  2 Nov 2017)
21-May-2023 19:46:01.835 信息 [main] org.apache.coyote.AbstractProtocol.init Initializing ProtocolHandler ["http-apr-8080"]
21-May-2023 19:46:01.846 严重 [main] org.apache.coyote.AbstractProtocol.init Failed to initialize end point associated with ProtocolHandler ["http-apr-8080"]
 java.lang.Exception: Socket bind failed: [730048] ?????????×???(Э?é/???????/???)????í??
	at org.apache.tomcat.util.net.AprEndpoint.bind(AprEndpoint.java:471)
	at org.apache.tomcat.util.net.AbstractEndpoint.init(AbstractEndpoint.java:823)
	at org.apache.coyote.AbstractProtocol.init(AbstractProtocol.java:476)
	at org.apache.catalina.connector.Connector.initInternal(Connector.java:960)
	at org.apache.catalina.util.LifecycleBase.init(LifecycleBase.java:102)
	at org.apache.catalina.core.StandardService.initInternal(StandardService.java:568)
	at org.apache.catalina.util.LifecycleBase.init(LifecycleBase.java:102)
	at org.apache.catalina.core.StandardServer.initInternal(StandardServer.java:871)
	at org.apache.catalina.util.LifecycleBase.init(LifecycleBase.java:102)
	at org.apache.catalina.startup.Catalina.load(Catalina.java:592)
	at org.apache.catalina.startup.Catalina.load(Catalina.java:615)
	at sun.reflect.NativeMethodAccessorImpl.invoke0(Native Method)
	at sun.reflect.NativeMethodAccessorImpl.invoke(NativeMethodAccessorImpl.java:62)
	at sun.reflect.DelegatingMethodAccessorImpl.invoke(DelegatingMethodAccessorImpl.java:43)
	at java.lang.reflect.Method.invoke(Method.java:498)
	at org.apache.catalina.startup.Bootstrap.load(Bootstrap.java:308)
	at org.apache.catalina.startup.Bootstrap.main(Bootstrap.java:482)

21-May-2023 19:46:01.850 严重 [main] org.apache.catalina.core.StandardService.initInternal Failed to initialize connector [Connector[HTTP/1.1-8080]]
 org.apache.catalina.LifecycleException: Failed to initialize component [Connector[HTTP/1.1-8080]]
	at org.apache.catalina.util.LifecycleBase.init(LifecycleBase.java:107)
	at org.apache.catalina.core.StandardService.initInternal(StandardService.java:568)
	at org.apache.catalina.util.LifecycleBase.init(LifecycleBase.java:102)
	at org.apache.catalina.core.StandardServer.initInternal(StandardServer.java:871)
	at org.apache.catalina.util.LifecycleBase.init(LifecycleBase.java:102)
	at org.apache.catalina.startup.Catalina.load(Catalina.java:592)
	at org.apache.catalina.startup.Catalina.load(Catalina.java:615)
	at sun.reflect.NativeMethodAccessorImpl.invoke0(Native Method)
	at sun.reflect.NativeMethodAccessorImpl.invoke(NativeMethodAccessorImpl.java:62)
	at sun.reflect.DelegatingMethodAccessorImpl.invoke(DelegatingMethodAccessorImpl.java:43)
	at java.lang.reflect.Method.invoke(Method.java:498)
	at org.apache.catalina.startup.Bootstrap.load(Bootstrap.java:308)
	at org.apache.catalina.startup.Bootstrap.main(Bootstrap.java:482)
Caused by: org.apache.catalina.LifecycleException: Protocol handler initialization failed
	at org.apache.catalina.connector.Connector.initInternal(Connector.java:962)
	at org.apache.catalina.util.LifecycleBase.init(LifecycleBase.java:102)
	... 12 more
Caused by: java.lang.Exception: Socket bind failed: [730048] ?????????×???(Э?é/???????/???)????í??
	at org.apache.tomcat.util.net.AprEndpoint.bind(AprEndpoint.java:471)
	at org.apache.tomcat.util.net.AbstractEndpoint.init(AbstractEndpoint.java:823)
	at org.apache.coyote.AbstractProtocol.init(AbstractProtocol.java:476)
	at org.apache.catalina.connector.Connector.initInternal(Connector.java:960)
	... 13 more

21-May-2023 19:46:01.852 信息 [main] org.apache.coyote.AbstractProtocol.init Initializing ProtocolHandler ["ajp-apr-8009"]
21-May-2023 19:46:01.856 严重 [main] org.apache.coyote.AbstractProtocol.init Failed to initialize end point associated with ProtocolHandler ["ajp-apr-8009"]
 java.lang.Exception: Socket bind failed: [730048] ?????????×???(Э?é/???????/???)????í??
	at org.apache.tomcat.util.net.AprEndpoint.bind(AprEndpoint.java:471)
	at org.apache.tomcat.util.net.AbstractEndpoint.init(AbstractEndpoint.java:823)
	at org.apache.coyote.AbstractProtocol.init(AbstractProtocol.java:476)
	at org.apache.catalina.connector.Connector.initInternal(Connector.java:960)
	at org.apache.catalina.util.LifecycleBase.init(LifecycleBase.java:102)
	at org.apache.catalina.core.StandardService.initInternal(StandardService.java:568)
	at org.apache.catalina.util.LifecycleBase.init(LifecycleBase.java:102)
	at org.apache.catalina.core.StandardServer.initInternal(StandardServer.java:871)
	at org.apache.catalina.util.LifecycleBase.init(LifecycleBase.java:102)
	at org.apache.catalina.startup.Catalina.load(Catalina.java:592)
	at org.apache.catalina.startup.Catalina.load(Catalina.java:615)
	at sun.reflect.NativeMethodAccessorImpl.invoke0(Native Method)
	at sun.reflect.NativeMethodAccessorImpl.invoke(NativeMethodAccessorImpl.java:62)
	at sun.reflect.DelegatingMethodAccessorImpl.invoke(DelegatingMethodAccessorImpl.java:43)
	at java.lang.reflect.Method.invoke(Method.java:498)
	at org.apache.catalina.startup.Bootstrap.load(Bootstrap.java:308)
	at org.apache.catalina.startup.Bootstrap.main(Bootstrap.java:482)

21-May-2023 19:46:01.858 严重 [main] org.apache.catalina.core.StandardService.initInternal Failed to initialize connector [Connector[AJP/1.3-8009]]
 org.apache.catalina.LifecycleException: Failed to initialize component [Connector[AJP/1.3-8009]]
	at org.apache.catalina.util.LifecycleBase.init(LifecycleBase.java:107)
	at org.apache.catalina.core.StandardService.initInternal(StandardService.java:568)
	at org.apache.catalina.util.LifecycleBase.init(LifecycleBase.java:102)
	at org.apache.catalina.core.StandardServer.initInternal(StandardServer.java:871)
	at org.apache.catalina.util.LifecycleBase.init(LifecycleBase.java:102)
	at org.apache.catalina.startup.Catalina.load(Catalina.java:592)
	at org.apache.catalina.startup.Catalina.load(Catalina.java:615)
	at sun.reflect.NativeMethodAccessorImpl.invoke0(Native Method)
	at sun.reflect.NativeMethodAccessorImpl.invoke(NativeMethodAccessorImpl.java:62)
	at sun.reflect.DelegatingMethodAccessorImpl.invoke(DelegatingMethodAccessorImpl.java:43)
	at java.lang.reflect.Method.invoke(Method.java:498)
	at org.apache.catalina.startup.Bootstrap.load(Bootstrap.java:308)
	at org.apache.catalina.startup.Bootstrap.main(Bootstrap.java:482)
Caused by: org.apache.catalina.LifecycleException: Protocol handler initialization failed
	at org.apache.catalina.connector.Connector.initInternal(Connector.java:962)
	at org.apache.catalina.util.LifecycleBase.init(LifecycleBase.java:102)
	... 12 more
Caused by: java.lang.Exception: Socket bind failed: [730048] ?????????×???(Э?é/???????/???)????í??
	at org.apache.tomcat.util.net.AprEndpoint.bind(AprEndpoint.java:471)
	at org.apache.tomcat.util.net.AbstractEndpoint.init(AbstractEndpoint.java:823)
	at org.apache.coyote.AbstractProtocol.init(AbstractProtocol.java:476)
	at org.apache.catalina.connector.Connector.initInternal(Connector.java:960)
	... 13 more

21-May-2023 19:46:01.859 信息 [main] org.apache.catalina.startup.Catalina.load Initialization processed in 1054 ms
21-May-2023 19:46:01.895 信息 [main] org.apache.catalina.core.StandardService.startInternal Starting service Catalina
21-May-2023 19:46:01.895 信息 [main] org.apache.catalina.core.StandardEngine.startInternal Starting Servlet Engine: Apache Tomcat/8.0.50
21-May-2023 19:46:01.908 信息 [localhost-startStop-1] org.apache.catalina.startup.HostConfig.deployDirectory Deploying web application directory D:\Java_developer_tools\javaweb\apache-tomcat-8.0.50-windows-x64\apache-tomcat-8.0.50\webapps\docs
21-May-2023 19:46:02.752 警告 [localhost-startStop-1] org.apache.catalina.util.SessionIdGeneratorBase.createSecureRandom Creation of SecureRandom instance for session ID generation using [SHA1PRNG] took [574] milliseconds.
21-May-2023 19:46:02.773 信息 [localhost-startStop-1] org.apache.catalina.startup.HostConfig.deployDirectory Deployment of web application directory D:\Java_developer_tools\javaweb\apache-tomcat-8.0.50-windows-x64\apache-tomcat-8.0.50\webapps\docs has finished in 865 ms
21-May-2023 19:46:02.773 信息 [localhost-startStop-1] org.apache.catalina.startup.HostConfig.deployDirectory Deploying web application directory D:\Java_developer_tools\javaweb\apache-tomcat-8.0.50-windows-x64\apache-tomcat-8.0.50\webapps\examples
21-May-2023 19:46:03.255 信息 [localhost-startStop-1] org.apache.catalina.startup.HostConfig.deployDirectory Deployment of web application directory D:\Java_developer_tools\javaweb\apache-tomcat-8.0.50-windows-x64\apache-tomcat-8.0.50\webapps\examples has finished in 481 ms
21-May-2023 19:46:03.255 信息 [localhost-startStop-1] org.apache.catalina.startup.HostConfig.deployDirectory Deploying web application directory D:\Java_developer_tools\javaweb\apache-tomcat-8.0.50-windows-x64\apache-tomcat-8.0.50\webapps\host-manager
21-May-2023 19:46:03.294 信息 [localhost-startStop-1] org.apache.catalina.startup.HostConfig.deployDirectory Deployment of web application directory D:\Java_developer_tools\javaweb\apache-tomcat-8.0.50-windows-x64\apache-tomcat-8.0.50\webapps\host-manager has finished in 38 ms
21-May-2023 19:46:03.294 信息 [localhost-startStop-1] org.apache.catalina.startup.HostConfig.deployDirectory Deploying web application directory D:\Java_developer_tools\javaweb\apache-tomcat-8.0.50-windows-x64\apache-tomcat-8.0.50\webapps\manager
21-May-2023 19:46:03.337 信息 [localhost-startStop-1] org.apache.catalina.startup.HostConfig.deployDirectory Deployment of web application directory D:\Java_developer_tools\javaweb\apache-tomcat-8.0.50-windows-x64\apache-tomcat-8.0.50\webapps\manager has finished in 43 ms
21-May-2023 19:46:03.337 信息 [localhost-startStop-1] org.apache.catalina.startup.HostConfig.deployDirectory Deploying web application directory D:\Java_developer_tools\javaweb\apache-tomcat-8.0.50-windows-x64\apache-tomcat-8.0.50\webapps\ROOT
21-May-2023 19:46:03.367 信息 [localhost-startStop-1] org.apache.catalina.startup.HostConfig.deployDirectory Deployment of web application directory D:\Java_developer_tools\javaweb\apache-tomcat-8.0.50-windows-x64\apache-tomcat-8.0.50\webapps\ROOT has finished in 30 ms
21-May-2023 19:46:03.371 信息 [main] org.apache.catalina.startup.Catalina.start Server startup in 1511 ms
21-May-2023 19:46:03.379 严重 [main] org.apache.catalina.core.StandardServer.await StandardServer.await: create[localhost:8005]: 
 java.net.BindException: Address already in use: JVM_Bind
	at java.net.DualStackPlainSocketImpl.bind0(Native Method)
	at java.net.DualStackPlainSocketImpl.socketBind(DualStackPlainSocketImpl.java:106)
	at java.net.AbstractPlainSocketImpl.bind(AbstractPlainSocketImpl.java:387)
	at java.net.PlainSocketImpl.bind(PlainSocketImpl.java:190)
	at java.net.ServerSocket.bind(ServerSocket.java:375)
	at java.net.ServerSocket.<init>(ServerSocket.java:237)
	at org.apache.catalina.core.StandardServer.await(StandardServer.java:438)
	at org.apache.catalina.startup.Catalina.await(Catalina.java:729)
	at org.apache.catalina.startup.Catalina.start(Catalina.java:675)
	at sun.reflect.NativeMethodAccessorImpl.invoke0(Native Method)
	at sun.reflect.NativeMethodAccessorImpl.invoke(NativeMethodAccessorImpl.java:62)
	at sun.reflect.DelegatingMethodAccessorImpl.invoke(DelegatingMethodAccessorImpl.java:43)
	at java.lang.reflect.Method.invoke(Method.java:498)
	at org.apache.catalina.startup.Bootstrap.start(Bootstrap.java:349)
	at org.apache.catalina.startup.Bootstrap.main(Bootstrap.java:483)

21-May-2023 19:46:03.380 信息 [main] org.apache.coyote.AbstractProtocol.pause Pausing ProtocolHandler ["http-apr-8080"]
21-May-2023 19:46:03.380 信息 [main] org.apache.coyote.AbstractProtocol.pause Pausing ProtocolHandler ["ajp-apr-8009"]
21-May-2023 19:46:03.382 信息 [main] org.apache.catalina.core.StandardService.stopInternal Stopping service Catalina
21-May-2023 19:46:03.406 信息 [main] org.apache.coyote.AbstractProtocol.stop Stopping ProtocolHandler ["http-apr-8080"]
21-May-2023 19:46:03.406 信息 [main] org.apache.coyote.AbstractProtocol.destroy Destroying ProtocolHandler ["http-apr-8080"]
21-May-2023 19:46:03.407 信息 [main] org.apache.coyote.AbstractProtocol.stop Stopping ProtocolHandler ["ajp-apr-8009"]
21-May-2023 19:46:03.407 信息 [main] org.apache.coyote.AbstractProtocol.destroy Destroying ProtocolHandler ["ajp-apr-8009"]
21-May-2023 21:19:06.522 信息 [localhost-startStop-2] org.apache.catalina.startup.HostConfig.deployDirectory Deploying web application directory D:\Java_developer_tools\javaweb\apache-tomcat-8.0.50-windows-x64\apache-tomcat-8.0.50\webapps\test
21-May-2023 21:19:07.137 信息 [localhost-startStop-2] org.apache.catalina.startup.HostConfig.deployDirectory Deployment of web application directory D:\Java_developer_tools\javaweb\apache-tomcat-8.0.50-windows-x64\apache-tomcat-8.0.50\webapps\test has finished in 595 ms
